d:\pri_tpsip03.25\5092\nalata2.4d\nalata2.4d\x64\debug\vc143.pdb
d:\pri_tpsip03.25\5092\nalata2.4d\nalata2.4d\x64\debug\vc143.idb
d:\pri_tpsip03.25\5092\nalata2.4d\nalata2.4d\x64\debug\nalata2.4d.obj
d:\pri_tpsip03.25\5092\nalata2.4d\nalata2.4d\x64\debug\nalata2.4d.ilk
d:\pri_tpsip03.25\5092\nalata2.4d\x64\debug\nalata2.4d.pdb
d:\pri_tpsip03.25\5092\nalata2.4d\x64\debug\nalata2.4d.exe
d:\pri_tpsip03.25\5092\nalata2.4d\nalata2.4d\x64\debug\nalata2.4d.tlog\cl.read.1.tlog
d:\pri_tpsip03.25\5092\nalata2.4d\nalata2.4d\x64\debug\nalata2.4d.tlog\cl.write.1.tlog
d:\pri_tpsip03.25\5092\nalata2.4d\nalata2.4d\x64\debug\nalata2.4d.tlog\cl.command.1.tlog
d:\pri_tpsip03.25\5092\nalata2.4d\nalata2.4d\x64\debug\nalata2.4d.tlog\link.read.2.tlog
d:\pri_tpsip03.25\5092\nalata2.4d\nalata2.4d\x64\debug\nalata2.4d.tlog\link.write.1.tlog
d:\pri_tpsip03.25\5092\nalata2.4d\nalata2.4d\x64\debug\nalata2.4d.tlog\link.secondary.1.tlog
d:\pri_tpsip03.25\5092\nalata2.4d\nalata2.4d\x64\debug\nalata2.4d.tlog\link.command.1.tlog
d:\pri_tpsip03.25\5092\nalata2.4d\nalata2.4d\x64\debug\nalata2.4d.tlog\cl.items.tlog
d:\pri_tpsip03.25\5092\nalata2.4d\nalata2.4d\x64\debug\nalata2.4d.tlog\link.read.1.tlog
d:\pri_tpsip03.25\5092\nalata2.4d\nalata2.4d\x64\debug\nalata2.4d.tlog\link.read.3.tlog
d:\pri_tpsip03.25\5092\nalata2.4d\nalata2.4d\x64\debug\nalata2.4d.tlog\link-rc.read.1.tlog
d:\pri_tpsip03.25\5092\nalata2.4d\nalata2.4d\x64\debug\nalata2.4d.tlog\link-rc.write.1.tlog
d:\pri_tpsip03.25\5092\nalata2.4d\nalata2.4d\x64\debug\nalata2.4d.tlog\link-cvtres.read.1.tlog
d:\pri_tpsip03.25\5092\nalata2.4d\nalata2.4d\x64\debug\nalata2.4d.tlog\link-cvtres.write.1.tlog
d:\pri_tpsip03.25\5092\nalata2.4d\nalata2.4d\x64\debug\nalata2.4d.tlog\link.read.4.tlog
